<?xml version="1.0" encoding="UTF-8"?>
<!-- Generated by org.testng.reporters.JUnitXMLReporter -->
<testsuite ignored="0" hostname="19FMUCHH010209" failures="0" tests="3" name="Default test" time="183.892" errors="0" timestamp="2026-02-02T13:41:53 IST">
  <testcase classname="TestNGFramework.FirstTest" name="FirstTest2" time="54.873"/>
  <testcase classname="TestNGFramework.FirstTest" name="FirstTest2" time="69.145"/>
  <testcase classname="TestNGFramework.FirstTest" name="FirstTest2" time="59.066"/>
</testsuite> <!-- Default test -->
