<?xml version="1.0" encoding="UTF-8"?>
<!-- Generated by org.testng.reporters.JUnitXMLReporter -->
<testsuite ignored="0" hostname="19FMUCHH010209" failures="0" tests="3" name="Default test" time="121.563" errors="0" timestamp="2025-11-24T14:25:37 IST">
  <testcase classname="TestNGFramework.FirstTest" name="FirstTest2" time="41.598"/>
  <testcase classname="TestNGFramework.FirstTest" name="FirstTest2" time="37.848"/>
  <testcase classname="TestNGFramework.FirstTest" name="FirstTest2" time="39.881"/>
</testsuite> <!-- Default test -->
