<?xml version="1.0" encoding="UTF-8"?>
<testng-results ignored="0" total="3" passed="3" failed="0" skipped="0">
  <reporter-output>
  </reporter-output>
  <suite started-at="2025-11-24T15:27:53 IST" name="Default suite" finished-at="2025-11-24T15:28:48 IST" duration-ms="55219">
    <groups>
    </groups>
    <test started-at="2025-11-24T15:27:53 IST" name="Default test" finished-at="2025-11-24T15:28:48 IST" duration-ms="55219">
      <class name="TestNGFramework.FirstTest">
        <test-method signature="FirstTest2(java.lang.String,java.lang.String,java.lang.String)[pri:0, instance:TestNGFramework.FirstTest@4afcd809]" started-at="2025-11-24T15:27:53 IST" name="FirstTest2" data-provider="getdata" finished-at="2025-11-24T15:28:12 IST" duration-ms="18722" status="PASS">
          <params>
            <param index="0">
              <value>
                <![CDATA[sureshvarsh34@gmail.com]]>
              </value>
            </param>
            <param index="1">
              <value>
                <![CDATA[Suresh@1998]]>
              </value>
            </param>
            <param index="2">
              <value>
                <![CDATA[C:\Users\Suresh Bathula\eclipse-workspace\artifact\naukarifiles\Suresh_Automation_Resume1.pdf]]>
              </value>
            </param>
          </params>
          <reporter-output>
          </reporter-output>
        </test-method> <!-- FirstTest2 -->
        <test-method is-config="true" signature="tearDown()[pri:0, instance:TestNGFramework.FirstTest@4afcd809]" started-at="2025-11-24T15:28:12 IST" name="tearDown" finished-at="2025-11-24T15:28:12 IST" duration-ms="611" status="PASS">
          <reporter-output>
          </reporter-output>
        </test-method> <!-- tearDown -->
        <test-method signature="FirstTest2(java.lang.String,java.lang.String,java.lang.String)[pri:0, instance:TestNGFramework.FirstTest@4afcd809]" started-at="2025-11-24T15:28:12 IST" name="FirstTest2" data-provider="getdata" finished-at="2025-11-24T15:28:30 IST" duration-ms="17530" status="PASS">
          <params>
            <param index="0">
              <value>
                <![CDATA[bathulasuresh518@gmail.com]]>
              </value>
            </param>
            <param index="1">
              <value>
                <![CDATA[Suresh@1998]]>
              </value>
            </param>
            <param index="2">
              <value>
                <![CDATA[C:\Users\Suresh Bathula\eclipse-workspace\artifact\naukarifiles\Suresh_Automation_Resume2.pdf]]>
              </value>
            </param>
          </params>
          <reporter-output>
          </reporter-output>
        </test-method> <!-- FirstTest2 -->
        <test-method is-config="true" signature="tearDown()[pri:0, instance:TestNGFramework.FirstTest@4afcd809]" started-at="2025-11-24T15:28:30 IST" name="tearDown" finished-at="2025-11-24T15:28:31 IST" duration-ms="545" status="PASS">
          <reporter-output>
          </reporter-output>
        </test-method> <!-- tearDown -->
        <test-method signature="FirstTest2(java.lang.String,java.lang.String,java.lang.String)[pri:0, instance:TestNGFramework.FirstTest@4afcd809]" started-at="2025-11-24T15:28:31 IST" name="FirstTest2" data-provider="getdata" finished-at="2025-11-24T15:28:48 IST" duration-ms="17182" status="PASS">
          <params>
            <param index="0">
              <value>
                <![CDATA[nareshbathula057@gmail.com]]>
              </value>
            </param>
            <param index="1">
              <value>
                <![CDATA[Naresh@2000]]>
              </value>
            </param>
            <param index="2">
              <value>
                <![CDATA[C:\Users\Suresh Bathula\eclipse-workspace\artifact\naukarifiles\Naresh_resume_resume.pdf]]>
              </value>
            </param>
          </params>
          <reporter-output>
          </reporter-output>
        </test-method> <!-- FirstTest2 -->
        <test-method is-config="true" signature="tearDown()[pri:0, instance:TestNGFramework.FirstTest@4afcd809]" started-at="2025-11-24T15:28:48 IST" name="tearDown" finished-at="2025-11-24T15:28:48 IST" duration-ms="545" status="PASS">
          <reporter-output>
          </reporter-output>
        </test-method> <!-- tearDown -->
      </class> <!-- TestNGFramework.FirstTest -->
    </test> <!-- Default test -->
  </suite> <!-- Default suite -->
</testng-results>
