<?xml version="1.0" encoding="UTF-8"?>
<!-- Generated by org.testng.reporters.JUnitReportReporter -->
<testsuite hostname="19FMUCHH010209" failures="0" tests="3" name="TestNGFramework.FirstTest" time="61.942" errors="0" timestamp="2026-04-27T13:55:56 IST" skipped="0">
  <testcase classname="TestNGFramework.FirstTest" name="FirstTest2" time="19.766"/>
  <testcase classname="TestNGFramework.FirstTest" name="FirstTest2" time="22.527"/>
  <testcase classname="TestNGFramework.FirstTest" name="FirstTest2" time="19.649"/>
</testsuite> <!-- TestNGFramework.FirstTest -->
