<?xml version="1.0" encoding="UTF-8"?>
<!-- Generated by org.testng.reporters.JUnitXMLReporter -->
<testsuite ignored="0" hostname="19FMUCHH010209" failures="1" tests="2" name="EdgeTest" time="0.01" errors="0" timestamp="2025-08-14T20:31:10 IST">
  <testcase classname="mobileAutomation.CallingFromBase" name="Testing" time="0.002">
    <failure type="java.lang.NullPointerException" message="Cannot invoke &amp;quot;org.openqa.selenium.WebDriver.get(String)&amp;quot; because &amp;quot;this.driver&amp;quot; is null">
      <![CDATA[java.lang.NullPointerException: Cannot invoke "org.openqa.selenium.WebDriver.get(String)" because "this.driver" is null
at mobileAutomation.CallingFromBase.Testing(CallingFromBase.java:11)
at java.base/java.util.ArrayList.forEach(ArrayList.java:1511)
... Removed 27 stack frames]]>
    </failure>
  </testcase> <!-- Testing -->
  <testcase classname="mobileAutomation.CallingFromBase" name="Testingg" time="0.0">
    <skipped/>
  </testcase> <!-- Testingg -->
</testsuite> <!-- EdgeTest -->
